MCalcPro/app/build/intermediates/manifest_merge_blame_file/debug/manifest-merger-blame-debug-report.txt
1<?xml version="1.0" encoding="utf-8"?>
2<!--
3Student Name: Supriyo Ghosh
4Student ID#: 215318728
5Lab D3 is done individually
6-->
7<manifest xmlns:android="http://schemas.android.com/apk/res/android"
8    package="ca.yorku.mcalcpro"
9    android:versionCode="1"
10    android:versionName="1.0" >
11
12    <uses-sdk
13        android:minSdkVersion="16"
13-->src\main\AndroidManifest.xml
14        android:targetSdkVersion="29" />
14-->src\main\AndroidManifest.xml
15
16    <application
16-->src\main\AndroidManifest.xml:10:5-25:19
17        android:allowBackup="true"
17-->src\main\AndroidManifest.xml:11:9-35
18        android:appComponentFactory="androidx.core.app.CoreComponentFactory"
18-->[androidx.core:core:1.3.1] AndroidManifest.xml:24:18-86
19        android:debuggable="true"
20        android:icon="@mipmap/ic_launcher"
20-->src\main\AndroidManifest.xml:12:9-43
21        android:label="@string/app_name"
21-->src\main\AndroidManifest.xml:13:9-41
22        android:roundIcon="@mipmap/ic_launcher_round"
22-->src\main\AndroidManifest.xml:14:9-54
23        android:supportsRtl="true"
23-->src\main\AndroidManifest.xml:15:9-35
24        android:testOnly="true"
25        android:theme="@style/AppTheme" >
25-->src\main\AndroidManifest.xml:16:9-40
26        <activity
26-->src\main\AndroidManifest.xml:17:9-24:20
27            android:name="ca.yorku.mcalcpro.MCalcPro_Activity"
27-->src\main\AndroidManifest.xml:17:19-52
28            android:configChanges="orientation|screenSize|screenLayout|keyboardHidden"
28-->src\main\AndroidManifest.xml:18:13-87
29            android:label="@string/app_name" >
29-->src\main\AndroidManifest.xml:19:13-45
30>
31            <intent-filter>
31-->src\main\AndroidManifest.xml:20:13-23:29
32                <action android:name="android.intent.action.MAIN" />
32-->src\main\AndroidManifest.xml:21:17-69
32-->src\main\AndroidManifest.xml:21:25-66
33
34                <category android:name="android.intent.category.LAUNCHER" />
34-->src\main\AndroidManifest.xml:22:17-77
34-->src\main\AndroidManifest.xml:22:27-74
35            </intent-filter>
36        </activity>
37    </application>
38
39</manifest>